# JRE version: Java(TM) SE Runtime Environment (8.0_191-b12) (build 1.8.0_191-b12)
# Java VM: Java HotSpot(TM) Client VM (25.191-b12 mixed mode windows-x86 )
Heap:
 def new generation   total 39424K, used 10004K [0x04000000, 0x06ac0000, 0x0eaa0000)
  eden space 35072K,  22% used [0x04000000, 0x047962a0, 0x06240000)
  from space 4352K,  51% used [0x06240000, 0x0646f028, 0x06680000)
  to   space 4352K,   0% used [0x06680000, 0x06680000, 0x06ac0000)
 tenured generation   total 87424K, used 59079K [0x0eaa0000, 0x14000000, 0x24000000)
   the space 87424K,  67% used [0x0eaa0000, 0x12451e58, 0x12452000, 0x14000000)
 Metaspace       used 23105K, capacity 23652K, committed 23680K, reserved 23936K
GC Heap History (10 events):
Event: 7.811 GC heap before
{Heap before GC invocations=3 (full 1):
 def new generation   total 39424K, used 35072K [0x04000000, 0x06ac0000, 0x0eaa0000)
  eden space 35072K, 100% used [0x04000000, 0x06240000, 0x06240000)
  from space 4352K,   0% used [0x06240000, 0x06240000, 0x06680000)
  to   space 4352K,   0% used [0x06680000, 0x06680000, 0x06ac0000)
 tenured generation   total 87424K, used 45037K [0x0eaa0000, 0x14000000, 0x24000000)
   the space 87424K,  51% used [0x0eaa0000, 0x1169b4f0, 0x1169b600, 0x14000000)
 Metaspace       used 16426K, capacity 16689K, committed 16768K, reserved 16768K
Event: 7.855 GC heap after
Heap after GC invocations=4 (full 1):
 def new generation   total 39424K, used 4352K [0x04000000, 0x06ac0000, 0x0eaa0000)
  eden space 35072K,   0% used [0x04000000, 0x04000000, 0x06240000)
  from space 4352K, 100% used [0x06680000, 0x06ac0000, 0x06ac0000)
  to   space 4352K,   0% used [0x06240000, 0x06240000, 0x06680000)
 tenured generation   total 87424K, used 45599K [0x0eaa0000, 0x14000000, 0x24000000)
   the space 87424K,  52% used [0x0eaa0000, 0x11727ce8, 0x11727e00, 0x14000000)
 Metaspace       used 16426K, capacity 16689K, committed 16768K, reserved 16768K
}
Event: 11.537 GC heap before
{Heap before GC invocations=4 (full 1):
 def new generation   total 39424K, used 39027K [0x04000000, 0x06ac0000, 0x0eaa0000)
  eden space 35072K,  98% used [0x04000000, 0x061dcfb0, 0x06240000)
  from space 4352K, 100% used [0x06680000, 0x06ac0000, 0x06ac0000)
  to   space 4352K,   0% used [0x06240000, 0x06240000, 0x06680000)
 tenured generation   total 87424K, used 45599K [0x0eaa0000, 0x14000000, 0x24000000)
   the space 87424K,  52% used [0x0eaa0000, 0x11727ce8, 0x11727e00, 0x14000000)
 Metaspace       used 20055K, capacity 20430K, committed 20480K, reserved 20864K
Event: 11.842 GC heap after
Heap after GC invocations=5 (full 2):
 def new generation   total 39424K, used 0K [0x04000000, 0x06ac0000, 0x0eaa0000)
  eden space 35072K,   0% used [0x04000000, 0x04000000, 0x06240000)
  from space 4352K,   0% used [0x06680000, 0x06680000, 0x06ac0000)
  to   space 4352K,   0% used [0x06240000, 0x06240000, 0x06680000)
 tenured generation   total 87424K, used 52181K [0x0eaa0000, 0x14000000, 0x24000000)
   the space 87424K,  59% used [0x0eaa0000, 0x11d954c8, 0x11d95600, 0x14000000)
 Metaspace       used 20055K, capacity 20430K, committed 20480K, reserved 20864K
}
Event: 80.971 GC heap before
{Heap before GC invocations=5 (full 2):
 def new generation   total 39424K, used 35072K [0x04000000, 0x06ac0000, 0x0eaa0000)
  eden space 35072K, 100% used [0x04000000, 0x06240000, 0x06240000)
  from space 4352K,   0% used [0x06680000, 0x06680000, 0x06ac0000)
  to   space 4352K,   0% used [0x06240000, 0x06240000, 0x06680000)
 tenured generation   total 87424K, used 52181K [0x0eaa0000, 0x14000000, 0x24000000)
   the space 87424K,  59% used [0x0eaa0000, 0x11d954c8, 0x11d95600, 0x14000000)
 Metaspace       used 22827K, capacity 23337K, committed 23424K, reserved 23936K
Event: 81.017 GC heap after
Heap after GC invocations=6 (full 2):
 def new generation   total 39424K, used 4352K [0x04000000, 0x06ac0000, 0x0eaa0000)
  eden space 35072K,   0% used [0x04000000, 0x04000000, 0x06240000)
  from space 4352K, 100% used [0x06240000, 0x06680000, 0x06680000)
  to   space 4352K,   0% used [0x06680000, 0x06680000, 0x06ac0000)
 tenured generation   total 87424K, used 54797K [0x0eaa0000, 0x14000000, 0x24000000)
   the space 87424K,  62% used [0x0eaa0000, 0x12023790, 0x12023800, 0x14000000)
 Metaspace       used 22827K, capacity 23337K, committed 23424K, reserved 23936K
}
Event: 190.829 GC heap before
{Heap before GC invocations=6 (full 2):
 def new generation   total 39424K, used 39424K [0x04000000, 0x06ac0000, 0x0eaa0000)
  eden space 35072K, 100% used [0x04000000, 0x06240000, 0x06240000)
  from space 4352K, 100% used [0x06240000, 0x06680000, 0x06680000)
  to   space 4352K,   0% used [0x06680000, 0x06680000, 0x06ac0000)
 tenured generation   total 87424K, used 54797K [0x0eaa0000, 0x14000000, 0x24000000)
   the space 87424K,  62% used [0x0eaa0000, 0x12023790, 0x12023800, 0x14000000)
 Metaspace       used 22913K, capacity 23456K, committed 23552K, reserved 23936K
Event: 190.880 GC heap after
Heap after GC invocations=7 (full 2):
 def new generation   total 39424K, used 1746K [0x04000000, 0x06ac0000, 0x0eaa0000)
  eden space 35072K,   0% used [0x04000000, 0x04000000, 0x06240000)
  from space 4352K,  40% used [0x06680000, 0x06834a60, 0x06ac0000)
  to   space 4352K,   0% used [0x06240000, 0x06240000, 0x06680000)
 tenured generation   total 87424K, used 59079K [0x0eaa0000, 0x14000000, 0x24000000)
   the space 87424K,  67% used [0x0eaa0000, 0x12451e58, 0x12452000, 0x14000000)
 Metaspace       used 22913K, capacity 23456K, committed 23552K, reserved 23936K
}
Event: 522.997 GC heap before
{Heap before GC invocations=7 (full 2):
 def new generation   total 39424K, used 36818K [0x04000000, 0x06ac0000, 0x0eaa0000)
  eden space 35072K, 100% used [0x04000000, 0x06240000, 0x06240000)
  from space 4352K,  40% used [0x06680000, 0x06834a60, 0x06ac0000)
  to   space 4352K,   0% used [0x06240000, 0x06240000, 0x06680000)
 tenured generation   total 87424K, used 59079K [0x0eaa0000, 0x14000000, 0x24000000)
   the space 87424K,  67% used [0x0eaa0000, 0x12451e58, 0x12452000, 0x14000000)
 Metaspace       used 23102K, capacity 23652K, committed 23680K, reserved 23936K
Event: 523.026 GC heap after
Heap after GC invocations=8 (full 2):
 def new generation   total 39424K, used 2236K [0x04000000, 0x06ac0000, 0x0eaa0000)
  eden space 35072K,   0% used [0x04000000, 0x04000000, 0x06240000)
  from space 4352K,  51% used [0x06240000, 0x0646f028, 0x06680000)
  to   space 4352K,   0% used [0x06680000, 0x06680000, 0x06ac0000)
 tenured generation   total 87424K, used 59079K [0x0eaa0000, 0x14000000, 0x24000000)
   the space 87424K,  67% used [0x0eaa0000, 0x12451e58, 0x12452000, 0x14000000)
 Metaspace       used 23102K, capacity 23652K, committed 23680K, reserved 23936K
}

